00:27:45.756 [main] INFO  loginTestcases.TC0040CertificationFilterFunctionality - Clicked on loginbutton
00:27:46.385 [main] INFO  loginTestcases.TC0040CertificationFilterFunctionality - Providing customer data
00:27:46.508 [main] INFO  loginTestcases.TC0040CertificationFilterFunctionality - Clicked on loginsumbit
00:29:57.368 [main] INFO  loginTestcases.TC0040CertificationFilterFunctionality - Clicked on loginbutton
00:29:58.216 [main] INFO  loginTestcases.TC0040CertificationFilterFunctionality - Providing customer data
00:29:58.380 [main] INFO  loginTestcases.TC0040CertificationFilterFunctionality - Clicked on loginsumbit
00:38:54.779 [main] INFO  loginTestcases.TC0040CertificationFilterFunctionality - Clicked on loginbutton
00:38:55.680 [main] INFO  loginTestcases.TC0040CertificationFilterFunctionality - Providing customer data
00:38:55.898 [main] INFO  loginTestcases.TC0040CertificationFilterFunctionality - Clicked on loginsumbit
00:43:31.002 [main] INFO  loginTestcases.TC0040CertificationFilterFunctionality - Clicked on loginbutton
00:43:32.584 [main] INFO  loginTestcases.TC0040CertificationFilterFunctionality - Providing customer data
00:43:32.744 [main] INFO  loginTestcases.TC0040CertificationFilterFunctionality - Clicked on loginsumbit
00:46:46.397 [main] INFO  loginTestcases.TC0040CertificationFilterFunctionality - Clicked on loginbutton
00:46:46.919 [main] INFO  loginTestcases.TC0040CertificationFilterFunctionality - Providing customer data
00:46:47.046 [main] INFO  loginTestcases.TC0040CertificationFilterFunctionality - Clicked on loginsumbit
01:00:12.126 [main] INFO  loginTestcases.TC0040CertificationFilterFunctionality - Clicked on loginbutton
01:00:12.668 [main] INFO  loginTestcases.TC0040CertificationFilterFunctionality - Providing customer data
01:00:12.794 [main] INFO  loginTestcases.TC0040CertificationFilterFunctionality - Clicked on loginsumbit
01:02:18.562 [main] INFO  loginTestcases.TC0040CertificationFilterFunctionality - Clicked on loginbutton
01:02:19.131 [main] INFO  loginTestcases.TC0040CertificationFilterFunctionality - Providing customer data
01:02:19.254 [main] INFO  loginTestcases.TC0040CertificationFilterFunctionality - Clicked on loginsumbit
01:21:49.986 [main] INFO  loginTestcases.TC0040CertificationFilterFunctionality - Clicked on loginbutton
01:21:50.587 [main] INFO  loginTestcases.TC0040CertificationFilterFunctionality - Providing customer data
01:21:50.703 [main] INFO  loginTestcases.TC0040CertificationFilterFunctionality - Clicked on loginsumbit
01:23:56.533 [main] INFO  loginTestcases.TC0040CertificationFilterFunctionality - Clicked on loginbutton
01:23:57.198 [main] INFO  loginTestcases.TC0040CertificationFilterFunctionality - Providing customer data
01:23:57.361 [main] INFO  loginTestcases.TC0040CertificationFilterFunctionality - Clicked on loginsumbit
01:30:15.078 [main] INFO  loginTestcases.TC0040CertificationFilterFunctionality - Clicked on loginbutton
01:30:15.645 [main] INFO  loginTestcases.TC0040CertificationFilterFunctionality - Providing customer data
01:30:15.777 [main] INFO  loginTestcases.TC0040CertificationFilterFunctionality - Clicked on loginsumbit
01:32:21.069 [main] INFO  loginTestcases.TC0040CertificationFilterFunctionality - Clicked on loginbutton
01:32:21.686 [main] INFO  loginTestcases.TC0040CertificationFilterFunctionality - Providing customer data
01:32:21.822 [main] INFO  loginTestcases.TC0040CertificationFilterFunctionality - Clicked on loginsumbit
01:53:03.429 [main] INFO  loginTestcases.TC0037_CertificatesFunctionality - Clicked on loginbutton
01:53:03.993 [main] INFO  loginTestcases.TC0037_CertificatesFunctionality - Providing customer data
01:53:04.128 [main] INFO  loginTestcases.TC0037_CertificatesFunctionality - Clicked on loginsumbit
01:54:29.230 [main] INFO  loginTestcases.TC0037_CertificatesFunctionality - Clicked on loginbutton
01:54:29.876 [main] INFO  loginTestcases.TC0037_CertificatesFunctionality - Providing customer data
01:54:30.013 [main] INFO  loginTestcases.TC0037_CertificatesFunctionality - Clicked on loginsumbit
02:00:16.235 [main] INFO  loginTestcases.TC0041_CertificateViewFunctionality - Clicked on loginbutton
02:00:17.730 [main] INFO  loginTestcases.TC0041_CertificateViewFunctionality - Providing customer data
02:00:17.897 [main] INFO  loginTestcases.TC0041_CertificateViewFunctionality - Clicked on loginsumbit
11:58:49.177 [main] INFO  loginTestcases.TC0038_InteractiveLabLunchFnctionality - Clicked on loginbutton
11:58:49.674 [main] INFO  loginTestcases.TC0038_InteractiveLabLunchFnctionality - Providing customer data
11:58:49.784 [main] INFO  loginTestcases.TC0038_InteractiveLabLunchFnctionality - Clicked on loginsumbit
12:08:06.704 [main] INFO  loginTestcases.TC0038_InteractiveLabLunchFnctionality - Clicked on loginbutton
12:08:07.177 [main] INFO  loginTestcases.TC0038_InteractiveLabLunchFnctionality - Providing customer data
12:08:07.296 [main] INFO  loginTestcases.TC0038_InteractiveLabLunchFnctionality - Clicked on loginsumbit
12:12:28.476 [main] INFO  loginTestcases.TC0038_InteractiveLabLunchFnctionality - Clicked on loginbutton
12:12:29.311 [main] INFO  loginTestcases.TC0038_InteractiveLabLunchFnctionality - Providing customer data
12:12:29.498 [main] INFO  loginTestcases.TC0038_InteractiveLabLunchFnctionality - Clicked on loginsumbit
12:21:35.227 [main] INFO  loginTestcases.TC0038_InteractiveLabLunchFnctionality - Clicked on loginbutton
12:21:35.750 [main] INFO  loginTestcases.TC0038_InteractiveLabLunchFnctionality - Providing customer data
12:21:35.968 [main] INFO  loginTestcases.TC0038_InteractiveLabLunchFnctionality - Clicked on loginsumbit
13:15:21.996 [main] INFO  loginTestcases.TC0040CertificationFilterFunctionality - Clicked on loginbutton
13:15:22.578 [main] INFO  loginTestcases.TC0040CertificationFilterFunctionality - Providing customer data
13:15:22.711 [main] INFO  loginTestcases.TC0040CertificationFilterFunctionality - Clicked on loginsumbit
13:17:28.034 [main] INFO  loginTestcases.TC0040CertificationFilterFunctionality - Clicked on loginbutton
13:17:28.600 [main] INFO  loginTestcases.TC0040CertificationFilterFunctionality - Providing customer data
13:17:28.724 [main] INFO  loginTestcases.TC0040CertificationFilterFunctionality - Clicked on loginsumbit
16:23:52.322 [main] INFO  loginTestcases.TC0027_Enterprise_E2Eprocess - Clicked on loginbutton
16:23:53.103 [main] INFO  loginTestcases.TC0027_Enterprise_E2Eprocess - Providing customer data
16:23:53.596 [main] INFO  loginTestcases.TC0027_Enterprise_E2Eprocess - Clicked on loginsumbit
16:26:16.539 [main] INFO  loginTestcases.TC0028_EnterpriseCalendarValidation - Clicked on loginbutton
16:26:17.062 [main] INFO  loginTestcases.TC0028_EnterpriseCalendarValidation - Providing customer data
16:26:17.197 [main] INFO  loginTestcases.TC0028_EnterpriseCalendarValidation - Clicked on loginsumbit
17:12:00.973 [main] INFO  loginTestcases.TC0029_EnterpriseTimeZone - Clicked on loginbutton
17:12:01.729 [main] INFO  loginTestcases.TC0029_EnterpriseTimeZone - Providing customer data
17:12:01.885 [main] INFO  loginTestcases.TC0029_EnterpriseTimeZone - Clicked on loginsumbit
17:13:23.269 [main] INFO  loginTestcases.TC0029_EnterpriseTimeZone - Clicked on loginbutton
17:13:23.872 [main] INFO  loginTestcases.TC0029_EnterpriseTimeZone - Providing customer data
17:13:23.997 [main] INFO  loginTestcases.TC0029_EnterpriseTimeZone - Clicked on loginsumbit
17:14:29.140 [main] INFO  loginTestcases.TC0029_EnterpriseTimeZone - Clicked on loginbutton
17:14:29.723 [main] INFO  loginTestcases.TC0029_EnterpriseTimeZone - Providing customer data
17:14:29.858 [main] INFO  loginTestcases.TC0029_EnterpriseTimeZone - Clicked on loginsumbit
18:20:13.505 [main] INFO  loginTestcases.TC0023_Interactivelab_TypeFilter - Clicked on loginbutton
18:20:14.432 [main] INFO  loginTestcases.TC0023_Interactivelab_TypeFilter - Providing customer data
18:20:14.608 [main] INFO  loginTestcases.TC0023_Interactivelab_TypeFilter - Clicked on loginsumbit
18:21:21.979 [main] INFO  loginTestcases.TC0023_Interactivelab_TypeFilter - Clicked on loginbutton
18:21:22.486 [main] INFO  loginTestcases.TC0023_Interactivelab_TypeFilter - Providing customer data
18:21:22.595 [main] INFO  loginTestcases.TC0023_Interactivelab_TypeFilter - Clicked on loginsumbit
18:22:29.123 [main] INFO  loginTestcases.TC0023_Interactivelab_TypeFilter - Clicked on loginbutton
18:22:29.654 [main] INFO  loginTestcases.TC0023_Interactivelab_TypeFilter - Providing customer data
18:22:29.761 [main] INFO  loginTestcases.TC0023_Interactivelab_TypeFilter - Clicked on loginsumbit
18:24:27.212 [main] INFO  loginTestcases.TC0023_Interactivelab_TypeFilter - Clicked on loginbutton
18:24:27.880 [main] INFO  loginTestcases.TC0023_Interactivelab_TypeFilter - Providing customer data
18:24:28.026 [main] INFO  loginTestcases.TC0023_Interactivelab_TypeFilter - Clicked on loginsumbit
18:31:56.463 [main] INFO  loginTestcases.TC0025_Interactivelabs_CombinedFilter - Clicked on loginbutton
18:31:57.369 [main] INFO  loginTestcases.TC0025_Interactivelabs_CombinedFilter - Providing customer data
18:31:57.528 [main] INFO  loginTestcases.TC0025_Interactivelabs_CombinedFilter - Clicked on loginsumbit
10:54:22.223 [main] INFO  loginTestcases.TC0023_Interactivelab_TypeFilter - Clicked on loginbutton
10:54:22.790 [main] INFO  loginTestcases.TC0023_Interactivelab_TypeFilter - Providing customer data
10:54:22.896 [main] INFO  loginTestcases.TC0023_Interactivelab_TypeFilter - Clicked on loginsumbit
10:55:29.767 [main] INFO  loginTestcases.TC0023_Interactivelab_TypeFilter - Clicked on loginbutton
10:55:30.207 [main] INFO  loginTestcases.TC0023_Interactivelab_TypeFilter - Providing customer data
10:55:30.310 [main] INFO  loginTestcases.TC0023_Interactivelab_TypeFilter - Clicked on loginsumbit
10:56:37.261 [main] INFO  loginTestcases.TC0023_Interactivelab_TypeFilter - Clicked on loginbutton
10:56:37.689 [main] INFO  loginTestcases.TC0023_Interactivelab_TypeFilter - Providing customer data
10:56:37.800 [main] INFO  loginTestcases.TC0023_Interactivelab_TypeFilter - Clicked on loginsumbit
10:58:34.780 [main] INFO  loginTestcases.TC0023_Interactivelab_TypeFilter - Clicked on loginbutton
10:58:35.314 [main] INFO  loginTestcases.TC0023_Interactivelab_TypeFilter - Providing customer data
10:58:35.421 [main] INFO  loginTestcases.TC0023_Interactivelab_TypeFilter - Clicked on loginsumbit
11:03:39.320 [main] INFO  loginTestcases.TC0024_Interactivelab_Categoryfilter - Clicked on loginbutton
11:03:39.958 [main] INFO  loginTestcases.TC0024_Interactivelab_Categoryfilter - Providing customer data
11:03:40.088 [main] INFO  loginTestcases.TC0024_Interactivelab_Categoryfilter - Clicked on loginsumbit
11:15:54.137 [main] INFO  loginTestcases.TC0024_Interactivelab_Categoryfilter - Clicked on loginbutton
11:15:54.882 [main] INFO  loginTestcases.TC0024_Interactivelab_Categoryfilter - Providing customer data
11:15:54.988 [main] INFO  loginTestcases.TC0024_Interactivelab_Categoryfilter - Clicked on loginsumbit
11:40:42.787 [main] INFO  loginTestcases.TC0025_Interactivelabs_CombinedFilter - Clicked on loginbutton
11:40:43.349 [main] INFO  loginTestcases.TC0025_Interactivelabs_CombinedFilter - Providing customer data
11:40:43.457 [main] INFO  loginTestcases.TC0025_Interactivelabs_CombinedFilter - Clicked on loginsumbit
11:46:21.342 [main] INFO  loginTestcases.TC0027_Enterprise_E2Eprocess - Clicked on loginbutton
11:46:21.916 [main] INFO  loginTestcases.TC0027_Enterprise_E2Eprocess - Providing customer data
11:46:22.165 [main] INFO  loginTestcases.TC0027_Enterprise_E2Eprocess - Clicked on loginsumbit
11:48:31.327 [main] INFO  loginTestcases.TC0028_EnterpriseCalendarValidation - Clicked on loginbutton
11:48:31.776 [main] INFO  loginTestcases.TC0028_EnterpriseCalendarValidation - Providing customer data
11:48:32.147 [main] INFO  loginTestcases.TC0028_EnterpriseCalendarValidation - Clicked on loginsumbit
11:51:09.655 [main] INFO  loginTestcases.TC0029_EnterpriseTimeZone - Clicked on loginbutton
11:51:10.364 [main] INFO  loginTestcases.TC0029_EnterpriseTimeZone - Providing customer data
11:51:10.504 [main] INFO  loginTestcases.TC0029_EnterpriseTimeZone - Clicked on loginsumbit
11:52:31.130 [main] INFO  loginTestcases.TC0029_EnterpriseTimeZone - Clicked on loginbutton
11:52:31.677 [main] INFO  loginTestcases.TC0029_EnterpriseTimeZone - Providing customer data
11:52:31.824 [main] INFO  loginTestcases.TC0029_EnterpriseTimeZone - Clicked on loginsumbit
11:53:36.740 [main] INFO  loginTestcases.TC0029_EnterpriseTimeZone - Clicked on loginbutton
11:53:37.300 [main] INFO  loginTestcases.TC0029_EnterpriseTimeZone - Providing customer data
11:53:37.404 [main] INFO  loginTestcases.TC0029_EnterpriseTimeZone - Clicked on loginsumbit
12:16:10.135 [main] INFO  loginTestcases.TC0037_CertificatesFunctionality - Clicked on loginbutton
12:16:10.743 [main] INFO  loginTestcases.TC0037_CertificatesFunctionality - Providing customer data
12:16:10.855 [main] INFO  loginTestcases.TC0037_CertificatesFunctionality - Clicked on loginsumbit
12:37:28.173 [main] INFO  loginTestcases.TC005_LoginFunctionality - ***  TC25620_LoginFunctionality ***
12:37:35.019 [main] INFO  loginTestcases.TC005_LoginFunctionality - clicked loginbtn
12:37:35.904 [main] INFO  loginTestcases.TC005_LoginFunctionality - providing customer data
12:37:36.113 [main] INFO  loginTestcases.TC005_LoginFunctionality - clicked submitbtn
12:38:07.255 [main] INFO  loginTestcases.TC005_LoginFunctionality - ***TC005_LoginFunctionality ***
12:47:43.186 [main] INFO  registerTestCases.TC25450_AccountRegistrationTest - ***  Starting TC25450_AccountRegistrationTest ***
12:47:49.897 [main] INFO  registerTestCases.TC25450_AccountRegistrationTest - Clicked on getfree access
12:47:49.897 [main] INFO  registerTestCases.TC25450_AccountRegistrationTest - Providing customer data
12:48:22.504 [main] INFO  registerTestCases.TC25450_AccountRegistrationTest - Clicked on continue
12:49:45.177 [main] INFO  registerTestCases.TC25450_AccountRegistrationTest - Clicked on logout
12:49:45.181 [main] INFO  registerTestCases.TC25450_AccountRegistrationTest - ***  Finished TC25450_AccountRegistrationTest ***
12:54:45.573 [main] INFO  registerTestCases.TC25588_AccountRegistrationForm1Negative - ***  TC25588_RegisterForm1Negative ***
12:55:02.306 [main] INFO  registerTestCases.TC25588_AccountRegistrationForm1Negative - ***  msgdisplayed ***
12:55:02.306 [main] INFO  registerTestCases.TC25588_AccountRegistrationForm1Negative - ***  TC25588_RegisterForm1Negative ***
12:55:37.076 [main] INFO  registerTestCases.TC25588_AccountRegistrationForm1Negative - ***  TC25588_RegisterForm1Negative ***
12:55:46.569 [main] INFO  registerTestCases.TC25588_AccountRegistrationForm1Negative - ***  msgdisplayed ***
12:55:46.569 [main] INFO  registerTestCases.TC25588_AccountRegistrationForm1Negative - ***  TC25588_RegisterForm1Negative ***
17:34:12.933 [main] INFO  loginTestcases.TC0038_InteractiveLabLunchFnctionality - Clicked on loginbutton
17:34:14.778 [main] INFO  loginTestcases.TC0038_InteractiveLabLunchFnctionality - Providing customer data
17:34:15.041 [main] INFO  loginTestcases.TC0038_InteractiveLabLunchFnctionality - Clicked on loginsumbit
18:01:45.031 [main] INFO  loginTestcases.TC0038_InteractiveLabLunchFnctionality - Clicked on loginbutton
18:01:46.871 [main] INFO  loginTestcases.TC0038_InteractiveLabLunchFnctionality - Providing customer data
18:01:47.139 [main] INFO  loginTestcases.TC0038_InteractiveLabLunchFnctionality - Clicked on loginsumbit
18:05:47.601 [main] INFO  loginTestcases.TC0038_InteractiveLabLunchFnctionality - Clicked on loginbutton
18:05:49.501 [main] INFO  loginTestcases.TC0038_InteractiveLabLunchFnctionality - Providing customer data
18:05:49.772 [main] INFO  loginTestcases.TC0038_InteractiveLabLunchFnctionality - Clicked on loginsumbit
18:26:39.480 [main] INFO  loginTestcases.TC0038_InteractiveLabLunchFnctionality - Clicked on loginbutton
18:26:41.409 [main] INFO  loginTestcases.TC0038_InteractiveLabLunchFnctionality - Providing customer data
18:26:41.673 [main] INFO  loginTestcases.TC0038_InteractiveLabLunchFnctionality - Clicked on loginsumbit
11:15:39.961 [main] INFO  loginTestcases.TC0027_Enterprise_E2Eprocess - Clicked on loginbutton
11:15:40.719 [main] INFO  loginTestcases.TC0027_Enterprise_E2Eprocess - Providing customer data
11:15:41.873 [main] INFO  loginTestcases.TC0027_Enterprise_E2Eprocess - Clicked on loginsumbit
11:20:59.087 [main] INFO  loginTestcases.TC0027_Enterprise_E2Eprocess - Clicked on loginbutton
11:21:01.006 [main] INFO  loginTestcases.TC0027_Enterprise_E2Eprocess - Providing customer data
11:21:01.285 [main] INFO  loginTestcases.TC0027_Enterprise_E2Eprocess - Clicked on loginsumbit
11:23:35.900 [main] INFO  loginTestcases.TC0027_Enterprise_E2Eprocess - Clicked on loginbutton
11:23:37.993 [main] INFO  loginTestcases.TC0027_Enterprise_E2Eprocess - Providing customer data
11:23:38.258 [main] INFO  loginTestcases.TC0027_Enterprise_E2Eprocess - Clicked on loginsumbit
11:29:04.759 [main] INFO  loginTestcases.TC0027_Enterprise_E2Eprocess - Clicked on loginbutton
11:29:06.179 [main] INFO  loginTestcases.TC0027_Enterprise_E2Eprocess - Providing customer data
11:29:06.466 [main] INFO  loginTestcases.TC0027_Enterprise_E2Eprocess - Clicked on loginsumbit
11:32:47.661 [main] INFO  loginTestcases.TC0028_EnterpriseCalendarValidation - Clicked on loginbutton
11:32:49.355 [main] INFO  loginTestcases.TC0028_EnterpriseCalendarValidation - Providing customer data
11:32:49.691 [main] INFO  loginTestcases.TC0028_EnterpriseCalendarValidation - Clicked on loginsumbit
11:34:46.827 [main] INFO  loginTestcases.TC0029_EnterpriseTimeZone - Clicked on loginbutton
11:34:48.602 [main] INFO  loginTestcases.TC0029_EnterpriseTimeZone - Providing customer data
11:34:48.885 [main] INFO  loginTestcases.TC0029_EnterpriseTimeZone - Clicked on loginsumbit
11:36:18.987 [main] INFO  loginTestcases.TC0029_EnterpriseTimeZone - Clicked on loginbutton
11:36:20.868 [main] INFO  loginTestcases.TC0029_EnterpriseTimeZone - Providing customer data
11:36:21.180 [main] INFO  loginTestcases.TC0029_EnterpriseTimeZone - Clicked on loginsumbit
11:37:38.265 [main] INFO  loginTestcases.TC0029_EnterpriseTimeZone - Clicked on loginbutton
11:37:40.075 [main] INFO  loginTestcases.TC0029_EnterpriseTimeZone - Providing customer data
11:37:40.378 [main] INFO  loginTestcases.TC0029_EnterpriseTimeZone - Clicked on loginsumbit
11:38:26.671 [main] INFO  loginTestcases.TC0027_Enterprise_E2Eprocess - Clicked on loginbutton
11:38:32.164 [main] INFO  loginTestcases.TC0027_Enterprise_E2Eprocess - Providing customer data
11:38:32.855 [main] INFO  loginTestcases.TC0027_Enterprise_E2Eprocess - Clicked on loginsumbit
11:44:15.836 [main] INFO  loginTestcases.TC0029_EnterpriseTimeZone - Clicked on loginbutton
11:44:17.833 [main] INFO  loginTestcases.TC0029_EnterpriseTimeZone - Providing customer data
11:44:18.103 [main] INFO  loginTestcases.TC0029_EnterpriseTimeZone - Clicked on loginsumbit
11:45:44.024 [main] INFO  loginTestcases.TC0029_EnterpriseTimeZone - Clicked on loginbutton
11:45:46.474 [main] INFO  loginTestcases.TC0029_EnterpriseTimeZone - Providing customer data
11:45:46.725 [main] INFO  loginTestcases.TC0029_EnterpriseTimeZone - Clicked on loginsumbit
11:47:06.240 [main] INFO  loginTestcases.TC0029_EnterpriseTimeZone - Clicked on loginbutton
11:47:07.741 [main] INFO  loginTestcases.TC0029_EnterpriseTimeZone - Providing customer data
11:47:08.002 [main] INFO  loginTestcases.TC0029_EnterpriseTimeZone - Clicked on loginsumbit
11:48:45.699 [main] INFO  loginTestcases.TC0029_EnterpriseTimeZone - Clicked on loginbutton
11:48:47.839 [main] INFO  loginTestcases.TC0029_EnterpriseTimeZone - Providing customer data
11:48:48.196 [main] INFO  loginTestcases.TC0029_EnterpriseTimeZone - Clicked on loginsumbit
11:50:12.999 [main] INFO  loginTestcases.TC0029_EnterpriseTimeZone - Clicked on loginbutton
11:50:14.567 [main] INFO  loginTestcases.TC0029_EnterpriseTimeZone - Providing customer data
11:50:14.859 [main] INFO  loginTestcases.TC0029_EnterpriseTimeZone - Clicked on loginsumbit
11:51:54.645 [main] INFO  loginTestcases.TC0029_EnterpriseTimeZone - Clicked on loginbutton
11:51:55.927 [main] INFO  loginTestcases.TC0029_EnterpriseTimeZone - Providing customer data
11:51:56.190 [main] INFO  loginTestcases.TC0029_EnterpriseTimeZone - Clicked on loginsumbit
11:58:09.054 [main] INFO  loginTestcases.TC0027_Enterprise_E2Eprocess - Clicked on loginbutton
11:58:10.748 [main] INFO  loginTestcases.TC0027_Enterprise_E2Eprocess - Providing customer data
11:58:11.008 [main] INFO  loginTestcases.TC0027_Enterprise_E2Eprocess - Clicked on loginsumbit
12:02:52.299 [main] INFO  loginTestcases.TC0027_Enterprise_E2Eprocess - Clicked on loginbutton
12:02:54.169 [main] INFO  loginTestcases.TC0027_Enterprise_E2Eprocess - Providing customer data
12:02:54.487 [main] INFO  loginTestcases.TC0027_Enterprise_E2Eprocess - Clicked on loginsumbit
12:05:29.068 [main] INFO  loginTestcases.TC0027_Enterprise_E2Eprocess - Clicked on loginbutton
12:05:31.022 [main] INFO  loginTestcases.TC0027_Enterprise_E2Eprocess - Providing customer data
12:05:31.296 [main] INFO  loginTestcases.TC0027_Enterprise_E2Eprocess - Clicked on loginsumbit
12:08:00.886 [main] INFO  loginTestcases.TC0028_EnterpriseCalendarValidation - Clicked on loginbutton
12:08:03.239 [main] INFO  loginTestcases.TC0028_EnterpriseCalendarValidation - Providing customer data
12:08:03.506 [main] INFO  loginTestcases.TC0028_EnterpriseCalendarValidation - Clicked on loginsumbit
12:11:59.504 [main] INFO  loginTestcases.TC0029_EnterpriseTimeZone - Clicked on loginbutton
12:12:01.165 [main] INFO  loginTestcases.TC0029_EnterpriseTimeZone - Providing customer data
12:12:01.429 [main] INFO  loginTestcases.TC0029_EnterpriseTimeZone - Clicked on loginsumbit
12:13:38.026 [main] INFO  loginTestcases.TC0029_EnterpriseTimeZone - Clicked on loginbutton
12:13:39.370 [main] INFO  loginTestcases.TC0029_EnterpriseTimeZone - Providing customer data
12:13:39.601 [main] INFO  loginTestcases.TC0029_EnterpriseTimeZone - Clicked on loginsumbit
12:15:07.727 [main] INFO  loginTestcases.TC0029_EnterpriseTimeZone - Clicked on loginbutton
12:15:09.172 [main] INFO  loginTestcases.TC0029_EnterpriseTimeZone - Providing customer data
12:15:09.440 [main] INFO  loginTestcases.TC0029_EnterpriseTimeZone - Clicked on loginsumbit
12:19:03.096 [main] INFO  loginTestcases.TC0030_EnterpriseFormValidation - Clicked on loginbutton
12:19:05.143 [main] INFO  loginTestcases.TC0030_EnterpriseFormValidation - Providing customer data
12:19:05.418 [main] INFO  loginTestcases.TC0030_EnterpriseFormValidation - Clicked on loginsumbit
12:21:57.645 [main] INFO  loginTestcases.TC0030_EnterpriseFormValidation - Clicked on loginbutton
12:21:59.447 [main] INFO  loginTestcases.TC0030_EnterpriseFormValidation - Providing customer data
12:21:59.720 [main] INFO  loginTestcases.TC0030_EnterpriseFormValidation - Clicked on loginsumbit
12:24:18.149 [main] INFO  loginTestcases.TC0030_EnterpriseFormValidation - Clicked on loginbutton
12:24:20.096 [main] INFO  loginTestcases.TC0030_EnterpriseFormValidation - Providing customer data
12:24:20.367 [main] INFO  loginTestcases.TC0030_EnterpriseFormValidation - Clicked on loginsumbit
12:30:05.445 [main] INFO  loginTestcases.TC0027_Enterprise_E2Eprocess - Clicked on loginbutton
12:30:07.095 [main] INFO  loginTestcases.TC0027_Enterprise_E2Eprocess - Providing customer data
12:30:07.380 [main] INFO  loginTestcases.TC0027_Enterprise_E2Eprocess - Clicked on loginsumbit
12:32:40.977 [main] INFO  loginTestcases.TC0029_EnterpriseTimeZone - Clicked on loginbutton
12:32:42.796 [main] INFO  loginTestcases.TC0029_EnterpriseTimeZone - Providing customer data
12:32:43.080 [main] INFO  loginTestcases.TC0029_EnterpriseTimeZone - Clicked on loginsumbit
12:34:19.598 [main] INFO  loginTestcases.TC0029_EnterpriseTimeZone - Clicked on loginbutton
12:34:20.994 [main] INFO  loginTestcases.TC0029_EnterpriseTimeZone - Providing customer data
12:34:21.249 [main] INFO  loginTestcases.TC0029_EnterpriseTimeZone - Clicked on loginsumbit
12:35:52.015 [main] INFO  loginTestcases.TC0029_EnterpriseTimeZone - Clicked on loginbutton
12:35:53.408 [main] INFO  loginTestcases.TC0029_EnterpriseTimeZone - Providing customer data
12:35:53.647 [main] INFO  loginTestcases.TC0029_EnterpriseTimeZone - Clicked on loginsumbit
12:44:23.206 [main] INFO  loginTestcases.TC0038_InteractiveLabLunchFnctionality - Clicked on loginbutton
12:44:25.295 [main] INFO  loginTestcases.TC0038_InteractiveLabLunchFnctionality - Providing customer data
12:44:25.634 [main] INFO  loginTestcases.TC0038_InteractiveLabLunchFnctionality - Clicked on loginsumbit
12:51:10.336 [main] INFO  loginTestcases.TC0023_Interactivelab_TypeFilter - Clicked on loginbutton
12:51:11.871 [main] INFO  loginTestcases.TC0023_Interactivelab_TypeFilter - Providing customer data
12:51:12.121 [main] INFO  loginTestcases.TC0023_Interactivelab_TypeFilter - Clicked on loginsumbit
12:52:22.833 [main] INFO  loginTestcases.TC0023_Interactivelab_TypeFilter - Clicked on loginbutton
12:52:24.127 [main] INFO  loginTestcases.TC0023_Interactivelab_TypeFilter - Providing customer data
12:52:24.693 [main] INFO  loginTestcases.TC0023_Interactivelab_TypeFilter - Clicked on loginsumbit
12:53:34.877 [main] INFO  loginTestcases.TC0023_Interactivelab_TypeFilter - Clicked on loginbutton
12:53:36.490 [main] INFO  loginTestcases.TC0023_Interactivelab_TypeFilter - Providing customer data
12:53:36.775 [main] INFO  loginTestcases.TC0023_Interactivelab_TypeFilter - Clicked on loginsumbit
12:55:38.675 [main] INFO  loginTestcases.TC0023_Interactivelab_TypeFilter - Clicked on loginbutton
12:55:40.381 [main] INFO  loginTestcases.TC0023_Interactivelab_TypeFilter - Providing customer data
12:55:40.673 [main] INFO  loginTestcases.TC0023_Interactivelab_TypeFilter - Clicked on loginsumbit
13:03:43.219 [main] INFO  registerTestCases.TC25450_AccountRegistrationTest - ***  Starting TC25450_AccountRegistrationTest ***
13:03:57.093 [main] INFO  registerTestCases.TC25450_AccountRegistrationTest - Clicked on getfree access
13:03:57.109 [main] INFO  registerTestCases.TC25450_AccountRegistrationTest - Providing customer data
13:04:34.707 [main] INFO  registerTestCases.TC25450_AccountRegistrationTest - Clicked on continue
13:06:00.780 [main] INFO  registerTestCases.TC25450_AccountRegistrationTest - Clicked on logout
13:06:00.803 [main] INFO  registerTestCases.TC25450_AccountRegistrationTest - ***  Finished TC25450_AccountRegistrationTest ***
13:08:44.864 [main] INFO  registerTestCases.TC25588_AccountRegistrationForm1Negative - ***  TC25588_RegisterForm1Negative ***
13:10:08.522 [main] INFO  registerTestCases.TC25588_AccountRegistrationForm1Negative - ***  TC25588_RegisterForm1Negative ***
13:17:55.013 [main] INFO  registerTestCases.TC25450_AccountRegistrationTest - ***  Starting TC25450_AccountRegistrationTest ***
13:18:04.822 [main] INFO  registerTestCases.TC25450_AccountRegistrationTest - Clicked on getfree access
13:18:04.833 [main] INFO  registerTestCases.TC25450_AccountRegistrationTest - Providing customer data
13:18:39.004 [main] INFO  registerTestCases.TC25450_AccountRegistrationTest - Clicked on continue
13:20:05.396 [main] INFO  registerTestCases.TC25450_AccountRegistrationTest - Clicked on logout
13:20:05.424 [main] INFO  registerTestCases.TC25450_AccountRegistrationTest - ***  Finished TC25450_AccountRegistrationTest ***
13:31:12.908 [main] INFO  registerTestCases.TC25588_AccountRegistrationForm1Negative - ***  TC25588_RegisterForm1Negative ***
13:31:45.851 [main] INFO  registerTestCases.TC25588_AccountRegistrationForm1Negative - ***  msgdisplayed ***
13:31:45.859 [main] INFO  registerTestCases.TC25588_AccountRegistrationForm1Negative - ***  TC25588_RegisterForm1Negative ***
13:32:34.789 [main] INFO  registerTestCases.TC25588_AccountRegistrationForm1Negative - ***  TC25588_RegisterForm1Negative ***
13:32:45.981 [main] INFO  registerTestCases.TC25588_AccountRegistrationForm1Negative - ***  msgdisplayed ***
13:32:45.982 [main] INFO  registerTestCases.TC25588_AccountRegistrationForm1Negative - ***  TC25588_RegisterForm1Negative ***
10:59:14.664 [main] INFO  loginTestcases.TC0027_Enterprise_E2Eprocess - Clicked on loginbutton
10:59:15.362 [main] INFO  loginTestcases.TC0027_Enterprise_E2Eprocess - Providing customer data
10:59:15.519 [main] INFO  loginTestcases.TC0027_Enterprise_E2Eprocess - Clicked on loginsumbit
11:14:02.061 [main] INFO  loginTestcases.TC0027_Enterprise_E2Eprocess - Clicked on loginbutton
11:14:03.341 [main] INFO  loginTestcases.TC0027_Enterprise_E2Eprocess - Providing customer data
11:14:03.571 [main] INFO  loginTestcases.TC0027_Enterprise_E2Eprocess - Clicked on loginsumbit
11:16:25.757 [main] INFO  loginTestcases.TC0029_EnterpriseTimeZone - Clicked on loginbutton
11:16:26.666 [main] INFO  loginTestcases.TC0029_EnterpriseTimeZone - Providing customer data
11:16:26.863 [main] INFO  loginTestcases.TC0029_EnterpriseTimeZone - Clicked on loginsumbit
11:17:58.605 [main] INFO  loginTestcases.TC0029_EnterpriseTimeZone - Clicked on loginbutton
11:17:59.187 [main] INFO  loginTestcases.TC0029_EnterpriseTimeZone - Providing customer data
11:17:59.308 [main] INFO  loginTestcases.TC0029_EnterpriseTimeZone - Clicked on loginsumbit
11:19:24.217 [main] INFO  loginTestcases.TC0029_EnterpriseTimeZone - Clicked on loginbutton
11:19:24.967 [main] INFO  loginTestcases.TC0029_EnterpriseTimeZone - Providing customer data
11:19:25.097 [main] INFO  loginTestcases.TC0029_EnterpriseTimeZone - Clicked on loginsumbit
11:21:39.898 [main] INFO  registerTestCases.TC25450_AccountRegistrationTest - ***  Starting TC25450_AccountRegistrationTest ***
11:21:45.241 [main] INFO  registerTestCases.TC25450_AccountRegistrationTest - Clicked on getfree access
11:21:45.242 [main] INFO  registerTestCases.TC25450_AccountRegistrationTest - Providing customer data
11:22:17.227 [main] INFO  registerTestCases.TC25450_AccountRegistrationTest - Clicked on continue
11:23:39.669 [main] INFO  registerTestCases.TC25450_AccountRegistrationTest - Clicked on logout
11:23:39.670 [main] INFO  registerTestCases.TC25450_AccountRegistrationTest - ***  Finished TC25450_AccountRegistrationTest ***
11:52:44.267 [main] INFO  loginTestcases.TC0027_Enterprise_E2Eprocess - Clicked on loginbutton
11:52:46.119 [main] INFO  loginTestcases.TC0027_Enterprise_E2Eprocess - Providing customer data
11:52:46.295 [main] INFO  loginTestcases.TC0027_Enterprise_E2Eprocess - Clicked on loginsumbit
11:56:18.662 [main] INFO  loginTestcases.TC0027_Enterprise_E2Eprocess - Clicked on loginbutton
11:56:20.406 [main] INFO  loginTestcases.TC0027_Enterprise_E2Eprocess - Providing customer data
11:56:20.636 [main] INFO  loginTestcases.TC0027_Enterprise_E2Eprocess - Clicked on loginsumbit
11:58:49.594 [main] INFO  loginTestcases.TC0029_EnterpriseTimeZone - Clicked on loginbutton
11:58:51.656 [main] INFO  loginTestcases.TC0029_EnterpriseTimeZone - Providing customer data
11:58:51.884 [main] INFO  loginTestcases.TC0029_EnterpriseTimeZone - Clicked on loginsumbit
12:00:29.719 [main] INFO  loginTestcases.TC0029_EnterpriseTimeZone - Clicked on loginbutton
12:00:31.423 [main] INFO  loginTestcases.TC0029_EnterpriseTimeZone - Providing customer data
12:00:31.689 [main] INFO  loginTestcases.TC0029_EnterpriseTimeZone - Clicked on loginsumbit
12:01:56.922 [main] INFO  loginTestcases.TC0029_EnterpriseTimeZone - Clicked on loginbutton
12:01:57.562 [main] INFO  loginTestcases.TC0029_EnterpriseTimeZone - Providing customer data
12:01:57.739 [main] INFO  loginTestcases.TC0029_EnterpriseTimeZone - Clicked on loginsumbit
10:26:23.207 [main] INFO  registerTestCases.TC25450_AccountRegistrationTest - ***  Starting TC25450_AccountRegistrationTest ***
10:26:30.042 [main] INFO  registerTestCases.TC25450_AccountRegistrationTest - Clicked on getfree access
10:26:30.042 [main] INFO  registerTestCases.TC25450_AccountRegistrationTest - Providing customer data
10:26:55.949 [main] INFO  registerTestCases.TC25450_AccountRegistrationTest - Clicked on continue
10:32:58.687 [main] INFO  loginTestcases.TC0027_Enterprise_E2Eprocess - Clicked on loginbutton
10:32:59.418 [main] INFO  loginTestcases.TC0027_Enterprise_E2Eprocess - Providing customer data
10:32:59.606 [main] INFO  loginTestcases.TC0027_Enterprise_E2Eprocess - Clicked on loginsumbit
10:38:18.950 [main] INFO  loginTestcases.TC0029_EnterpriseTimeZone - Clicked on loginbutton
10:38:19.653 [main] INFO  loginTestcases.TC0029_EnterpriseTimeZone - Providing customer data
10:38:19.854 [main] INFO  loginTestcases.TC0029_EnterpriseTimeZone - Clicked on loginsumbit
10:39:51.638 [main] INFO  loginTestcases.TC0029_EnterpriseTimeZone - Clicked on loginbutton
10:39:52.235 [main] INFO  loginTestcases.TC0029_EnterpriseTimeZone - Providing customer data
10:39:52.340 [main] INFO  loginTestcases.TC0029_EnterpriseTimeZone - Clicked on loginsumbit
10:41:19.701 [main] INFO  loginTestcases.TC0029_EnterpriseTimeZone - Clicked on loginbutton
10:41:20.224 [main] INFO  loginTestcases.TC0029_EnterpriseTimeZone - Providing customer data
10:41:20.359 [main] INFO  loginTestcases.TC0029_EnterpriseTimeZone - Clicked on loginsumbit
10:12:53.579 [main] INFO  registerTestCases.TC25450_AccountRegistrationTest - ***  Starting TC25450_AccountRegistrationTest ***
10:13:01.146 [main] INFO  registerTestCases.TC25450_AccountRegistrationTest - Clicked on getfree access
10:13:01.146 [main] INFO  registerTestCases.TC25450_AccountRegistrationTest - Providing customer data
10:13:34.757 [main] INFO  registerTestCases.TC25450_AccountRegistrationTest - Clicked on continue
10:14:59.139 [main] INFO  registerTestCases.TC25450_AccountRegistrationTest - Clicked on logout
10:14:59.139 [main] INFO  registerTestCases.TC25450_AccountRegistrationTest - ***  Finished TC25450_AccountRegistrationTest ***
10:15:33.329 [main] INFO  registerTestCases.TC25588_AccountRegistrationForm1Negative - ***  TC25588_RegisterForm1Negative ***
10:15:52.556 [main] INFO  registerTestCases.TC25588_AccountRegistrationForm1Negative - ***  msgdisplayed ***
10:15:52.556 [main] INFO  registerTestCases.TC25588_AccountRegistrationForm1Negative - ***  TC25588_RegisterForm1Negative ***
10:16:28.773 [main] INFO  registerTestCases.TC25588_AccountRegistrationForm1Negative - ***  TC25588_RegisterForm1Negative ***
10:16:35.797 [main] INFO  registerTestCases.TC25588_AccountRegistrationForm1Negative - ***  msgdisplayed ***
10:16:35.798 [main] INFO  registerTestCases.TC25588_AccountRegistrationForm1Negative - ***  TC25588_RegisterForm1Negative ***
10:48:02.649 [main] INFO  loginTestcases.TC0027_Enterprise_E2Eprocess - Clicked on loginbutton
10:48:04.223 [main] INFO  loginTestcases.TC0027_Enterprise_E2Eprocess - Providing customer data
10:48:04.457 [main] INFO  loginTestcases.TC0027_Enterprise_E2Eprocess - Clicked on loginsumbit
10:51:04.365 [main] INFO  loginTestcases.TC0029_EnterpriseTimeZone - Clicked on loginbutton
10:51:05.842 [main] INFO  loginTestcases.TC0029_EnterpriseTimeZone - Providing customer data
10:51:06.077 [main] INFO  loginTestcases.TC0029_EnterpriseTimeZone - Clicked on loginsumbit
10:52:38.666 [main] INFO  loginTestcases.TC0029_EnterpriseTimeZone - Clicked on loginbutton
10:52:39.987 [main] INFO  loginTestcases.TC0029_EnterpriseTimeZone - Providing customer data
10:52:40.261 [main] INFO  loginTestcases.TC0029_EnterpriseTimeZone - Clicked on loginsumbit
10:54:06.255 [main] INFO  loginTestcases.TC0029_EnterpriseTimeZone - Clicked on loginbutton
10:54:07.523 [main] INFO  loginTestcases.TC0029_EnterpriseTimeZone - Providing customer data
10:54:07.744 [main] INFO  loginTestcases.TC0029_EnterpriseTimeZone - Clicked on loginsumbit
11:02:06.464 [main] INFO  registerTestCases.TC25450_AccountRegistrationTest - ***  Starting TC25450_AccountRegistrationTest ***
11:02:14.014 [main] INFO  registerTestCases.TC25450_AccountRegistrationTest - Clicked on getfree access
11:02:14.014 [main] INFO  registerTestCases.TC25450_AccountRegistrationTest - Providing customer data
11:02:45.508 [main] INFO  registerTestCases.TC25450_AccountRegistrationTest - Clicked on continue
11:04:07.511 [main] INFO  registerTestCases.TC25450_AccountRegistrationTest - Clicked on logout
11:04:07.511 [main] INFO  registerTestCases.TC25450_AccountRegistrationTest - ***  Finished TC25450_AccountRegistrationTest ***
13:53:32.713 [main] INFO  registerTestCases.TC25450_AccountRegistrationTest - ***  Starting TC25450_AccountRegistrationTest ***
13:53:37.963 [main] INFO  registerTestCases.TC25450_AccountRegistrationTest - Clicked on getfree access
13:53:37.964 [main] INFO  registerTestCases.TC25450_AccountRegistrationTest - Providing customer data
13:54:10.024 [main] INFO  registerTestCases.TC25450_AccountRegistrationTest - Clicked on continue
13:55:32.630 [main] INFO  registerTestCases.TC25450_AccountRegistrationTest - Clicked on logout
13:55:32.631 [main] INFO  registerTestCases.TC25450_AccountRegistrationTest - ***  Finished TC25450_AccountRegistrationTest ***
14:03:09.706 [main] INFO  loginTestcases.TC0041_CertificateViewFunctionality - Clicked on loginbutton
14:03:10.243 [main] INFO  loginTestcases.TC0041_CertificateViewFunctionality - Providing customer data
14:03:10.362 [main] INFO  loginTestcases.TC0041_CertificateViewFunctionality - Clicked on loginsumbit
14:04:39.074 [main] INFO  loginTestcases.TC0039_CertificatesSearchFunctionality - Clicked on loginbutton
14:04:39.637 [main] INFO  loginTestcases.TC0039_CertificatesSearchFunctionality - Providing customer data
14:04:39.761 [main] INFO  loginTestcases.TC0039_CertificatesSearchFunctionality - Clicked on loginsumbit
14:05:44.199 [main] INFO  loginTestcases.TC0039_CertificatesSearchFunctionality - Clicked on loginbutton
14:05:44.783 [main] INFO  loginTestcases.TC0039_CertificatesSearchFunctionality - Providing customer data
14:05:44.949 [main] INFO  loginTestcases.TC0039_CertificatesSearchFunctionality - Clicked on loginsumbit
14:07:19.309 [main] INFO  loginTestcases.TC0027_Enterprise_E2Eprocess - Clicked on loginbutton
14:07:20.134 [main] INFO  loginTestcases.TC0027_Enterprise_E2Eprocess - Providing customer data
14:07:20.271 [main] INFO  loginTestcases.TC0027_Enterprise_E2Eprocess - Clicked on loginsumbit
14:09:27.845 [main] INFO  loginTestcases.TC0029_EnterpriseTimeZone - Clicked on loginbutton
14:09:28.664 [main] INFO  loginTestcases.TC0029_EnterpriseTimeZone - Providing customer data
14:09:28.794 [main] INFO  loginTestcases.TC0029_EnterpriseTimeZone - Clicked on loginsumbit
14:10:59.336 [main] INFO  loginTestcases.TC0029_EnterpriseTimeZone - Clicked on loginbutton
14:10:59.931 [main] INFO  loginTestcases.TC0029_EnterpriseTimeZone - Providing customer data
14:11:00.056 [main] INFO  loginTestcases.TC0029_EnterpriseTimeZone - Clicked on loginsumbit
14:12:25.619 [main] INFO  loginTestcases.TC0029_EnterpriseTimeZone - Clicked on loginbutton
14:12:26.358 [main] INFO  loginTestcases.TC0029_EnterpriseTimeZone - Providing customer data
14:12:26.490 [main] INFO  loginTestcases.TC0029_EnterpriseTimeZone - Clicked on loginsumbit
14:16:09.538 [main] INFO  loginTestcases.TC0028_EnterpriseCalendarValidation - Clicked on loginbutton
14:16:10.268 [main] INFO  loginTestcases.TC0028_EnterpriseCalendarValidation - Providing customer data
14:16:10.428 [main] INFO  loginTestcases.TC0028_EnterpriseCalendarValidation - Clicked on loginsumbit
14:17:35.548 [main] INFO  loginTestcases.TC0023_Interactivelab_TypeFilter - Clicked on loginbutton
14:17:36.200 [main] INFO  loginTestcases.TC0023_Interactivelab_TypeFilter - Providing customer data
14:17:36.330 [main] INFO  loginTestcases.TC0023_Interactivelab_TypeFilter - Clicked on loginsumbit
14:18:40.550 [main] INFO  loginTestcases.TC0023_Interactivelab_TypeFilter - Clicked on loginbutton
14:18:41.181 [main] INFO  loginTestcases.TC0023_Interactivelab_TypeFilter - Providing customer data
14:18:41.304 [main] INFO  loginTestcases.TC0023_Interactivelab_TypeFilter - Clicked on loginsumbit
14:19:45.273 [main] INFO  loginTestcases.TC0023_Interactivelab_TypeFilter - Clicked on loginbutton
14:19:45.926 [main] INFO  loginTestcases.TC0023_Interactivelab_TypeFilter - Providing customer data
14:19:46.049 [main] INFO  loginTestcases.TC0023_Interactivelab_TypeFilter - Clicked on loginsumbit
14:21:44.892 [main] INFO  loginTestcases.TC0023_Interactivelab_TypeFilter - Clicked on loginbutton
14:21:45.428 [main] INFO  loginTestcases.TC0023_Interactivelab_TypeFilter - Providing customer data
14:21:45.539 [main] INFO  loginTestcases.TC0023_Interactivelab_TypeFilter - Clicked on loginsumbit
15:15:00.960 [main] INFO  loginTestcases.TC0043_UpGradeProNegativeFunctionality - Clicked on loginbutton
15:15:01.826 [main] INFO  loginTestcases.TC0043_UpGradeProNegativeFunctionality - Providing customer data
15:15:02.016 [main] INFO  loginTestcases.TC0043_UpGradeProNegativeFunctionality - Clicked on loginsumbit
15:17:19.363 [main] INFO  loginTestcases.TC0043_UpGradeProNegativeFunctionality - Clicked on loginbutton
15:17:20.130 [main] INFO  loginTestcases.TC0043_UpGradeProNegativeFunctionality - Providing customer data
15:17:20.275 [main] INFO  loginTestcases.TC0043_UpGradeProNegativeFunctionality - Clicked on loginsumbit
15:20:25.810 [main] INFO  loginTestcases.TC0043_UpGradeProNegativeFunctionality - Clicked on loginbutton
15:20:26.490 [main] INFO  loginTestcases.TC0043_UpGradeProNegativeFunctionality - Providing customer data
15:20:26.634 [main] INFO  loginTestcases.TC0043_UpGradeProNegativeFunctionality - Clicked on loginsumbit
16:07:18.986 [main] INFO  loginTestcases.TC0040CertificationFilterFunctionality - Clicked on loginbutton
16:07:19.445 [main] INFO  loginTestcases.TC0040CertificationFilterFunctionality - Providing customer data
16:07:19.573 [main] INFO  loginTestcases.TC0040CertificationFilterFunctionality - Clicked on loginsumbit
16:09:27.273 [main] INFO  loginTestcases.TC0040CertificationFilterFunctionality - Clicked on loginbutton
16:09:27.754 [main] INFO  loginTestcases.TC0040CertificationFilterFunctionality - Providing customer data
16:09:27.866 [main] INFO  loginTestcases.TC0040CertificationFilterFunctionality - Clicked on loginsumbit
10:26:51.827 [main] INFO  registerTestCases.TC25450_AccountRegistrationTest - ***  Starting TC25450_AccountRegistrationTest ***
10:27:00.832 [main] INFO  registerTestCases.TC25450_AccountRegistrationTest - Clicked on getfree access
10:27:00.832 [main] INFO  registerTestCases.TC25450_AccountRegistrationTest - Providing customer data
10:27:33.013 [main] INFO  registerTestCases.TC25450_AccountRegistrationTest - Clicked on continue
10:28:56.051 [main] INFO  registerTestCases.TC25450_AccountRegistrationTest - Clicked on logout
10:28:56.051 [main] INFO  registerTestCases.TC25450_AccountRegistrationTest - ***  Finished TC25450_AccountRegistrationTest ***
10:27:04.385 [main] INFO  loginTestcases.TC0038_InteractiveLabLunchFnctionality - Clicked on loginbutton
10:27:05.113 [main] INFO  loginTestcases.TC0038_InteractiveLabLunchFnctionality - Providing customer data
10:27:05.290 [main] INFO  loginTestcases.TC0038_InteractiveLabLunchFnctionality - Clicked on loginsumbit
10:29:26.010 [main] INFO  loginTestcases.TC0038_InteractiveLabLunchFnctionality - Clicked on loginbutton
10:29:26.820 [main] INFO  loginTestcases.TC0038_InteractiveLabLunchFnctionality - Providing customer data
10:29:27.112 [main] INFO  loginTestcases.TC0038_InteractiveLabLunchFnctionality - Clicked on loginsumbit
11:45:07.697 [main] INFO  loginTestcases.TC0030_EnterpriseFormValidation - Clicked on loginbutton
11:45:09.169 [main] INFO  loginTestcases.TC0030_EnterpriseFormValidation - Providing customer data
11:45:09.389 [main] INFO  loginTestcases.TC0030_EnterpriseFormValidation - Clicked on loginsumbit
11:46:31.366 [main] INFO  loginTestcases.TC0027_Enterprise_E2Eprocess - Clicked on loginbutton
11:46:32.615 [main] INFO  loginTestcases.TC0027_Enterprise_E2Eprocess - Providing customer data
11:46:32.802 [main] INFO  loginTestcases.TC0027_Enterprise_E2Eprocess - Clicked on loginsumbit
14:27:41.938 [main] INFO  loginTestcases.TC0027_Enterprise_E2Eprocess - Clicked on loginbutton
14:27:42.655 [main] INFO  loginTestcases.TC0027_Enterprise_E2Eprocess - Providing customer data
14:27:42.769 [main] INFO  loginTestcases.TC0027_Enterprise_E2Eprocess - Clicked on loginsumbit
